SF:lib/core/extension/date_extension.dart
DA:7,2
DA:8,2
DA:9,2
DA:10,2
DA:11,2
DA:14,1
DA:15,1
DA:16,1
LF:8
LH:8
end_of_record
SF:lib/features/last_week_pictures/data/model/pictures_of_the_day_model.dart
DA:4,3
DA:11,2
DA:12,2
DA:13,4
DA:14,2
DA:15,2
DA:16,2
DA:17,2
LF:8
LH:8
end_of_record
SF:lib/features/last_week_pictures/domain/entity/picture_of_the_day.dart
DA:10,5
DA:17,1
DA:18,6
LF:3
LH:3
end_of_record
SF:lib/core/providers/debug_provider.dart
DA:5,2
DA:7,4
DA:11,0
DA:13,0
DA:14,0
DA:15,0
LF:6
LH:2
end_of_record
SF:lib/core/providers/url_provider.dart
DA:4,2
DA:7,4
DA:12,2
DA:13,2
DA:14,4
DA:15,4
DA:16,4
DA:17,6
DA:21,1
DA:22,1
DA:23,1
DA:24,1
DA:25,1
LF:13
LH:13
end_of_record
SF:lib/features/last_week_pictures/data/data_source/apod_data_source.dart
DA:26,1
DA:31,1
DA:33,3
DA:34,1
DA:35,2
DA:38,2
DA:40,2
DA:41,2
DA:42,1
DA:43,3
DA:44,2
DA:45,3
DA:46,2
DA:48,1
DA:49,2
DA:51,1
DA:52,1
DA:56,1
LF:18
LH:18
end_of_record
SF:lib/core/error/failure.dart
DA:6,4
DA:10,4
DA:12,0
DA:13,0
LF:4
LH:2
end_of_record
SF:lib/features/last_week_pictures/data/repository/apod_repository_impl.dart
DA:18,1
DA:20,1
DA:24,2
DA:25,1
DA:27,2
DA:28,3
LF:6
LH:6
end_of_record
SF:lib/core/use_case/base_use_case.dart
DA:16,1
DA:17,1
LF:2
LH:2
end_of_record
SF:lib/features/last_week_pictures/domain/use_case/get_last_week_pictures_use_case.dart
DA:14,1
DA:15,1
DA:17,2
LF:3
LH:3
end_of_record
SF:lib/features/last_week_pictures/presentation/bloc/apod_state.dart
DA:4,2
DA:6,1
DA:7,1
DA:17,1
DA:23,2
LF:5
LH:5
end_of_record
SF:lib/features/last_week_pictures/presentation/bloc/apod_bloc.dart
DA:18,3
DA:19,1
DA:20,2
DA:23,1
DA:27,2
DA:29,3
DA:31,2
DA:32,3
DA:33,1
DA:34,2
LF:10
LH:10
end_of_record
SF:lib/features/last_week_pictures/presentation/bloc/apod_event.dart
DA:4,1
DA:6,0
DA:7,0
LF:3
LH:1
end_of_record
