SF:lib/core/extension/date_extension.dart
DA:7,2
DA:9,2
DA:10,2
DA:11,2
DA:14,1
DA:15,1
DA:16,1
LF:7
LH:7
end_of_record
SF:lib/core/providers/url_provider.dart
DA:4,2
DA:7,4
DA:12,2
DA:13,2
DA:14,4
DA:15,4
DA:16,4
DA:17,6
DA:21,1
DA:22,1
DA:23,1
DA:24,1
DA:25,1
LF:13
LH:13
end_of_record
SF:lib/core/widgets/generic_circular_progress_indicator.dart
DA:9,1
DA:16,1
DA:18,1
DA:20,1
DA:22,1
LF:5
LH:5
end_of_record
SF:lib/generated/l10n.dart
DA:16,2
DA:20,0
DA:21,0
DA:28,2
DA:29,4
DA:30,0
DA:31,2
DA:32,2
DA:33,6
DA:34,2
DA:35,2
DA:42,0
DA:43,0
DA:44,0
DA:49,0
DA:50,0
DA:54,0
DA:55,0
DA:59,0
DA:64,0
DA:65,0
DA:69,0
DA:74,0
DA:75,0
DA:79,0
DA:84,0
DA:85,0
DA:89,0
DA:94,0
DA:95,0
DA:99,0
DA:104,0
DA:105,0
DA:109,0
DA:114,0
DA:115,0
DA:119,0
DA:125,2
DA:127,2
DA:134,2
DA:135,2
DA:136,2
DA:137,2
DA:138,0
DA:141,2
DA:142,4
DA:143,6
LF:47
LH:17
end_of_record
SF:lib/generated/intl/messages_all.dart
DA:23,6
DA:24,0
DA:25,4
DA:28,2
DA:30,2
DA:31,0
DA:32,2
DA:33,2
DA:40,2
DA:41,2
DA:42,6
DA:43,0
DA:45,0
DA:47,4
DA:48,2
DA:49,6
DA:50,4
DA:51,2
DA:54,2
DA:56,2
DA:62,2
DA:64,2
DA:66,2
LF:23
LH:19
end_of_record
SF:lib/generated/intl/messages_en.dart
DA:16,0
DA:21,0
DA:24,0
DA:25,0
DA:26,0
DA:28,0
DA:30,0
DA:31,0
DA:34,0
DA:35,0
LF:10
LH:0
end_of_record
SF:lib/generated/intl/messages_pt.dart
DA:16,6
DA:21,0
DA:24,4
DA:25,2
DA:26,2
DA:28,2
DA:30,2
DA:31,2
DA:34,2
DA:35,2
LF:10
LH:9
end_of_record
SF:lib/core/widgets/generic_animated_title.dart
DA:8,1
DA:12,1
DA:14,1
DA:15,1
DA:16,1
DA:17,1
LF:6
LH:6
end_of_record
SF:lib/core/providers/sembast_provider.dart
DA:20,0
DA:23,0
DA:25,0
DA:27,0
DA:28,0
DA:31,0
DA:33,0
DA:35,0
DA:36,0
DA:39,0
DA:41,0
DA:43,0
DA:46,0
DA:47,0
DA:48,0
DA:49,0
DA:53,0
DA:56,0
DA:58,0
DA:60,0
DA:61,0
DA:62,0
DA:65,0
DA:67,0
DA:69,0
DA:70,0
DA:72,0
DA:73,0
DA:77,0
DA:80,0
DA:82,0
DA:84,0
DA:85,0
DA:86,0
DA:89,0
DA:91,0
DA:93,0
DA:95,0
DA:100,0
DA:101,0
LF:40
LH:0
end_of_record
SF:lib/features/last_week_pictures/data/model/pictures_of_the_day_model.dart
DA:5,4
DA:12,2
DA:13,2
DA:14,4
DA:15,2
DA:16,2
DA:17,2
DA:18,2
DA:22,0
DA:23,0
DA:24,0
DA:25,0
DA:26,0
DA:27,0
DA:28,0
LF:15
LH:8
end_of_record
SF:lib/features/local_data/data/data_source/local_pictures_of_the_day_data_source.dart
DA:17,1
DA:19,1
DA:22,3
DA:23,2
DA:24,2
DA:27,1
DA:28,2
DA:29,1
DA:33,1
DA:36,1
DA:37,1
DA:38,1
DA:40,1
DA:41,2
DA:42,1
DA:46,1
DA:49,2
DA:51,1
DA:52,2
DA:53,1
LF:20
LH:20
end_of_record
SF:lib/features/last_week_pictures/domain/entity/picture_of_the_day.dart
DA:10,6
DA:17,1
DA:18,6
LF:3
LH:3
end_of_record
SF:lib/core/providers/debug_provider.dart
DA:5,3
DA:7,6
DA:11,0
DA:13,0
DA:14,0
DA:15,0
LF:6
LH:2
end_of_record
SF:lib/core/error/failure.dart
DA:6,8
DA:10,4
DA:12,0
DA:13,0
DA:17,4
DA:19,0
DA:20,0
LF:7
LH:3
end_of_record
SF:lib/core/providers/connectivity_provider.dart
DA:7,0
DA:8,0
DA:9,0
DA:10,0
DA:18,0
DA:20,0
DA:21,0
DA:22,0
DA:25,0
DA:26,0
DA:27,0
DA:28,0
DA:32,0
DA:33,0
DA:34,0
DA:35,0
DA:38,0
DA:40,0
DA:41,0
DA:42,0
DA:43,0
LF:21
LH:0
end_of_record
SF:lib/features/last_week_pictures/data/data_source/apod_data_source.dart
DA:26,1
DA:31,1
DA:33,3
DA:34,1
DA:35,2
DA:38,2
DA:40,2
DA:41,2
DA:42,1
DA:43,3
DA:44,2
DA:45,3
DA:46,2
DA:48,1
DA:49,2
DA:51,1
DA:52,1
DA:56,1
LF:18
LH:18
end_of_record
SF:lib/features/last_week_pictures/data/repository/apod_repository_impl.dart
DA:22,1
DA:28,1
DA:35,2
DA:36,1
DA:40,3
DA:41,1
DA:45,2
DA:46,1
DA:47,2
DA:48,2
DA:49,2
DA:50,1
DA:52,2
DA:53,3
LF:14
LH:14
end_of_record
SF:lib/features/last_week_pictures/domain/use_case/get_last_week_pictures_use_case.dart
DA:13,1
DA:14,1
DA:16,2
LF:3
LH:3
end_of_record
SF:lib/core/use_case/base_use_case.dart
DA:16,0
DA:17,0
LF:2
LH:0
end_of_record
SF:lib/features/last_week_pictures/presentation/bloc/apod_state.dart
DA:4,3
DA:6,1
DA:7,1
DA:17,1
DA:23,2
DA:27,1
LF:6
LH:6
end_of_record
SF:lib/features/last_week_pictures/presentation/bloc/apod_bloc.dart
DA:17,3
DA:18,1
DA:19,2
DA:20,3
DA:23,1
DA:27,2
DA:29,3
DA:31,2
DA:32,1
DA:33,0
DA:36,3
DA:37,1
DA:38,2
DA:42,1
DA:46,2
DA:48,3
DA:49,1
DA:50,0
DA:51,0
DA:54,0
DA:55,1
DA:56,2
DA:57,0
DA:60,3
DA:61,1
DA:62,3
DA:63,1
DA:64,2
LF:28
LH:23
end_of_record
SF:lib/features/last_week_pictures/presentation/bloc/apod_event.dart
DA:4,1
DA:6,0
DA:7,0
DA:16,1
DA:26,1
LF:5
LH:3
end_of_record
